2025-02-17 16:26:10.427 [qtp216359372-49] INFO  io.bastillion.manage.servlet.GuacamoleTunnelServlet - Connection request - User: 1, Protocol: ssh, Host: 10.143.61.16, Remote IP: [0:0:0:0:0:0:0:1]
2025-02-17 16:26:10.440 [qtp216359372-49] ERROR io.bastillion.manage.servlet.GuacamoleTunnelServlet - Error saving system
java.sql.SQLException: Field 'authorized_keys' doesn't have a default value
	at com.mysql.cj.jdbc.exceptions.SQLError.createSQLException(SQLError.java:130) ~[mysql-connector-j-8.0.33.jar:8.0.33]
	at com.mysql.cj.jdbc.exceptions.SQLExceptionsMapping.translateException(SQLExceptionsMapping.java:122) ~[mysql-connector-j-8.0.33.jar:8.0.33]
	at com.mysql.cj.jdbc.ClientPreparedStatement.executeInternal(ClientPreparedStatement.java:916) ~[mysql-connector-j-8.0.33.jar:8.0.33]
	at com.mysql.cj.jdbc.ClientPreparedStatement.execute(ClientPreparedStatement.java:354) ~[mysql-connector-j-8.0.33.jar:8.0.33]
	at org.apache.commons.dbcp2.DelegatingPreparedStatement.execute(DelegatingPreparedStatement.java:95) ~[commons-dbcp2-2.11.0.jar:2.11.0]
	at org.apache.commons.dbcp2.DelegatingPreparedStatement.execute(DelegatingPreparedStatement.java:95) ~[commons-dbcp2-2.11.0.jar:2.11.0]
	at io.bastillion.manage.db.SystemDB.saveSystem(SystemDB.java:467) ~[classes/:?]
	at io.bastillion.manage.servlet.GuacamoleTunnelServlet.doConnect(GuacamoleTunnelServlet.java:57) ~[classes/:?]
	at org.apache.guacamole.servlet.GuacamoleHTTPTunnelServlet.handleTunnelRequest(GuacamoleHTTPTunnelServlet.java:282) ~[guacamole-common-1.5.5.jar:?]
	at org.apache.guacamole.servlet.GuacamoleHTTPTunnelServlet.doPost(GuacamoleHTTPTunnelServlet.java:208) ~[guacamole-common-1.5.5.jar:?]
	at javax.servlet.http.HttpServlet.service(HttpServlet.java:707) ~[javax.servlet-api-3.1.0.jar:3.1.0]
	at javax.servlet.http.HttpServlet.service(HttpServlet.java:790) ~[javax.servlet-api-3.1.0.jar:3.1.0]
	at org.eclipse.jetty.servlet.ServletHolder$NotAsync.service(ServletHolder.java:1459) ~[jetty-servlet-9.4.53.v20231009.jar:9.4.53.v20231009]
	at org.eclipse.jetty.servlet.ServletHolder.handle(ServletHolder.java:799) ~[jetty-servlet-9.4.53.v20231009.jar:9.4.53.v20231009]
	at org.eclipse.jetty.servlet.ServletHandler$ChainEnd.doFilter(ServletHandler.java:1656) ~[jetty-servlet-9.4.53.v20231009.jar:9.4.53.v20231009]
	at org.eclipse.jetty.websocket.server.WebSocketUpgradeFilter.doFilter(WebSocketUpgradeFilter.java:292) ~[websocket-server-9.4.53.v20231009.jar:9.4.53.v20231009]
	at org.eclipse.jetty.servlet.FilterHolder.doFilter(FilterHolder.java:193) ~[jetty-servlet-9.4.53.v20231009.jar:9.4.53.v20231009]
	at org.eclipse.jetty.servlet.ServletHandler$Chain.doFilter(ServletHandler.java:1626) ~[jetty-servlet-9.4.53.v20231009.jar:9.4.53.v20231009]
	at loophole.mvc.filter.SecurityFilter.doFilter(SecurityFilter.java:68) ~[lmvc-1.12.0.jar:?]
	at org.eclipse.jetty.servlet.FilterHolder.doFilter(FilterHolder.java:193) ~[jetty-servlet-9.4.53.v20231009.jar:9.4.53.v20231009]
	at org.eclipse.jetty.servlet.ServletHandler$Chain.doFilter(ServletHandler.java:1626) ~[jetty-servlet-9.4.53.v20231009.jar:9.4.53.v20231009]
	at io.bastillion.common.filter.AuthFilter.doFilter(AuthFilter.java:99) ~[classes/:?]
	at org.eclipse.jetty.servlet.FilterHolder.doFilter(FilterHolder.java:201) ~[jetty-servlet-9.4.53.v20231009.jar:9.4.53.v20231009]
	at org.eclipse.jetty.servlet.ServletHandler$Chain.doFilter(ServletHandler.java:1626) ~[jetty-servlet-9.4.53.v20231009.jar:9.4.53.v20231009]
	at org.eclipse.jetty.servlet.ServletHandler.doHandle(ServletHandler.java:552) ~[jetty-servlet-9.4.53.v20231009.jar:9.4.53.v20231009]
	at org.eclipse.jetty.server.handler.ScopedHandler.handle(ScopedHandler.java:143) ~[jetty-server-9.4.53.v20231009.jar:9.4.53.v20231009]
	at org.eclipse.jetty.security.SecurityHandler.handle(SecurityHandler.java:600) ~[jetty-security-9.4.53.v20231009.jar:9.4.53.v20231009]
	at org.eclipse.jetty.server.handler.HandlerWrapper.handle(HandlerWrapper.java:127) ~[jetty-server-9.4.53.v20231009.jar:9.4.53.v20231009]
	at org.eclipse.jetty.server.handler.ScopedHandler.nextHandle(ScopedHandler.java:235) ~[jetty-server-9.4.53.v20231009.jar:9.4.53.v20231009]
	at org.eclipse.jetty.server.session.SessionHandler.doHandle(SessionHandler.java:1624) ~[jetty-server-9.4.53.v20231009.jar:9.4.53.v20231009]
	at org.eclipse.jetty.server.handler.ScopedHandler.nextHandle(ScopedHandler.java:233) ~[jetty-server-9.4.53.v20231009.jar:9.4.53.v20231009]
	at org.eclipse.jetty.server.handler.ContextHandler.doHandle(ContextHandler.java:1440) ~[jetty-server-9.4.53.v20231009.jar:9.4.53.v20231009]
	at org.eclipse.jetty.server.handler.ScopedHandler.nextScope(ScopedHandler.java:188) ~[jetty-server-9.4.53.v20231009.jar:9.4.53.v20231009]
	at org.eclipse.jetty.servlet.ServletHandler.doScope(ServletHandler.java:505) ~[jetty-servlet-9.4.53.v20231009.jar:9.4.53.v20231009]
	at org.eclipse.jetty.server.session.SessionHandler.doScope(SessionHandler.java:1594) ~[jetty-server-9.4.53.v20231009.jar:9.4.53.v20231009]
	at org.eclipse.jetty.server.handler.ScopedHandler.nextScope(ScopedHandler.java:186) ~[jetty-server-9.4.53.v20231009.jar:9.4.53.v20231009]
	at org.eclipse.jetty.server.handler.ContextHandler.doScope(ContextHandler.java:1355) ~[jetty-server-9.4.53.v20231009.jar:9.4.53.v20231009]
	at org.eclipse.jetty.server.handler.ScopedHandler.handle(ScopedHandler.java:141) ~[jetty-server-9.4.53.v20231009.jar:9.4.53.v20231009]
	at org.eclipse.jetty.server.handler.ContextHandlerCollection.handle(ContextHandlerCollection.java:191) ~[jetty-server-9.4.53.v20231009.jar:9.4.53.v20231009]
	at org.eclipse.jetty.server.handler.HandlerCollection.handle(HandlerCollection.java:146) ~[jetty-server-9.4.53.v20231009.jar:9.4.53.v20231009]
	at org.eclipse.jetty.server.handler.HandlerWrapper.handle(HandlerWrapper.java:127) ~[jetty-server-9.4.53.v20231009.jar:9.4.53.v20231009]
	at org.eclipse.jetty.server.Server.handle(Server.java:516) ~[jetty-server-9.4.53.v20231009.jar:9.4.53.v20231009]
	at org.eclipse.jetty.server.HttpChannel.lambda$handle$1(HttpChannel.java:487) ~[jetty-server-9.4.53.v20231009.jar:9.4.53.v20231009]
	at org.eclipse.jetty.server.HttpChannel.dispatch(HttpChannel.java:732) [jetty-server-9.4.53.v20231009.jar:9.4.53.v20231009]
	at org.eclipse.jetty.server.HttpChannel.handle(HttpChannel.java:479) [jetty-server-9.4.53.v20231009.jar:9.4.53.v20231009]
	at org.eclipse.jetty.server.HttpConnection.onFillable(HttpConnection.java:277) [jetty-server-9.4.53.v20231009.jar:9.4.53.v20231009]
	at org.eclipse.jetty.io.AbstractConnection$ReadCallback.succeeded(AbstractConnection.java:311) [jetty-io-9.4.53.v20231009.jar:9.4.53.v20231009]
	at org.eclipse.jetty.io.FillInterest.fillable(FillInterest.java:105) [jetty-io-9.4.53.v20231009.jar:9.4.53.v20231009]
	at org.eclipse.jetty.io.ssl.SslConnection$DecryptedEndPoint.onFillable(SslConnection.java:555) [jetty-io-9.4.53.v20231009.jar:9.4.53.v20231009]
	at org.eclipse.jetty.io.ssl.SslConnection.onFillable(SslConnection.java:410) [jetty-io-9.4.53.v20231009.jar:9.4.53.v20231009]
	at org.eclipse.jetty.io.ssl.SslConnection$2.succeeded(SslConnection.java:164) [jetty-io-9.4.53.v20231009.jar:9.4.53.v20231009]
	at org.eclipse.jetty.io.FillInterest.fillable(FillInterest.java:105) [jetty-io-9.4.53.v20231009.jar:9.4.53.v20231009]
	at org.eclipse.jetty.io.ChannelEndPoint$1.run(ChannelEndPoint.java:104) [jetty-io-9.4.53.v20231009.jar:9.4.53.v20231009]
	at org.eclipse.jetty.util.thread.strategy.EatWhatYouKill.runTask(EatWhatYouKill.java:338) [jetty-util-9.4.53.v20231009.jar:9.4.53.v20231009]
	at org.eclipse.jetty.util.thread.strategy.EatWhatYouKill.doProduce(EatWhatYouKill.java:315) [jetty-util-9.4.53.v20231009.jar:9.4.53.v20231009]
	at org.eclipse.jetty.util.thread.strategy.EatWhatYouKill.tryProduce(EatWhatYouKill.java:173) [jetty-util-9.4.53.v20231009.jar:9.4.53.v20231009]
	at org.eclipse.jetty.util.thread.strategy.EatWhatYouKill.run(EatWhatYouKill.java:131) [jetty-util-9.4.53.v20231009.jar:9.4.53.v20231009]
	at org.eclipse.jetty.util.thread.ReservedThreadExecutor$ReservedThread.run(ReservedThreadExecutor.java:409) [jetty-util-9.4.53.v20231009.jar:9.4.53.v20231009]
	at org.eclipse.jetty.util.thread.QueuedThreadPool.runJob(QueuedThreadPool.java:883) [jetty-util-9.4.53.v20231009.jar:9.4.53.v20231009]
	at org.eclipse.jetty.util.thread.QueuedThreadPool$Runner.run(QueuedThreadPool.java:1034) [jetty-util-9.4.53.v20231009.jar:9.4.53.v20231009]
	at java.lang.Thread.run(Thread.java:834) [?:?]
2025-02-17 16:26:10.445 [qtp216359372-49] INFO  io.bastillion.manage.servlet.GuacamoleTunnelServlet - Attempting connection - Protocol: ssh, Host: 10.143.61.16, User: jiopeteam
2025-02-17 16:26:10.449 [qtp216359372-49] INFO  io.bastillion.manage.servlet.GuacamoleTunnelServlet - Session recording enabled - Session: node0up4vv8qlatnyunux7xe68v740, Path: /Users/akansha.sinha/bastillion/recordings/cde3f9e7-9af2-497d-9552-4ec517310e8a/recording
2025-02-17 16:26:10.451 [qtp216359372-49] INFO  io.bastillion.manage.servlet.GuacamoleTunnelServlet - guacd is available
2025-02-17 16:26:10.535 [qtp216359372-49] INFO  io.bastillion.manage.servlet.GuacamoleTunnelServlet - Tunnel established - Session: node0up4vv8qlatnyunux7xe68v740, Protocol: ssh, Host: 10.143.61.16
